[2025-04-13T21:38:34.008Z] Ruta: /joyas/filtros | Método: GET | Parámetros: {"precio_max":"1000","precio_min":"500","categoria":"anillos","metal":"plata"}
[2025-04-13T21:39:13.812Z] Ruta: /joyas | Método: GET | Parámetros: {"limits":"2","page":"1","order_by":"precio_ASC"}
[2025-04-13T21:39:17.926Z] Ruta: /joyas/filtros | Método: GET | Parámetros: {"precio_max":"1000","precio_min":"500","categoria":"anillos","metal":"plata"}
[2025-04-13T21:39:28.538Z] Ruta: /joyas | Método: GET | Parámetros: {"limits":"2","page":"1","order_by":"precio_ASC"}
[2025-04-13T21:39:28.554Z] Ruta: /joyas/filtros | Método: GET | Parámetros: {"precio_max":"1000","precio_min":"500","categoria":"anillos","metal":"plata"}
[2025-04-13T22:15:20.598Z] Ruta: /joyas | Método: GET | Parámetros: {"limits":"2","page":"1","order_by":"precio_ASC"}
[2025-04-13T22:15:25.824Z] Ruta: /joyas/filtros | Método: GET | Parámetros: {"precio_max":"1000","precio_min":"500","categoria":"anillos","metal":"plata"}
[2025-04-19T17:27:29.132Z] Ruta: /joyas | Método: GET | Parámetros: {"limits":"3","page":"2","order_by":"stock_ASC"}
[2025-04-19T17:27:39.128Z] Ruta: /joyas/filtros | Método: GET | Parámetros: {"precio_min":"500","precio_max":"1000","categoria":"anillos","metal":"plata"}
[2025-04-19T17:29:37.211Z] Ruta: /joyas | Método: GET | Parámetros: {"limits":"3","page":"2","order_by":"stock_ASC"}
[2025-04-19T17:29:41.280Z] Ruta: /joyas/filtros | Método: GET | Parámetros: {"precio_min":"500","precio_max":"1000","categoria":"anillos","metal":"plata"}
[2025-04-19T17:30:54.294Z] Ruta: /joyas | Método: GET | Parámetros: {"limits":"3","page":"2","order_by":"stock_ASC"}
[2025-04-19T17:30:58.642Z] Ruta: /joyas/filtros | Método: GET | Parámetros: {"precio_min":"500","precio_max":"1000","categoria":"anillos","metal":"plata"}
[2025-04-19T17:32:16.574Z] Ruta: /joyas | Método: GET | Parámetros: {"limits":"3","page":"2","order_by":"stock_ASC"}
[2025-04-19T17:33:20.440Z] Ruta: /joyas | Método: GET | Parámetros: {"limits":"3","page":"2","order_by":"stock_ASC"}
[2025-04-19T17:33:53.707Z] Ruta: /joyas/filtros | Método: GET | Parámetros: {"precio_min":"500","precio_max":"1000","categoria":"anillos","metal":"plata"}
[2025-04-19T17:41:11.565Z] Ruta: /joyas | Método: GET | Parámetros: {"limits":"3","page":"2","order_by":"stock_ASC"}
[2025-04-19T17:41:36.968Z] Ruta: /joyas/filtros | Método: GET | Parámetros: {"precio_min":"500","precio_max":"1000","categoria":"anillos","metal":"plata"}
[2025-04-19T18:21:58.747Z] Ruta: /joyas | Método: GET | Parámetros: {"limits":"3","page":"2","order_by":"stock_ASC"}
[2025-04-19T18:26:06.768Z] Ruta: /joyas/filtros | Método: GET | Parámetros: {"precio_min":"500","precio_max":"1000","categoria":"anillos","metal":"plata"}
[2025-04-19T18:27:20.462Z] Ruta: /joyas/filtros | Método: GET | Parámetros: {"precio_min":"500","precio_max":"1000","categoria":"anillos","metal":"plata"}
[2025-04-20T02:33:16.319Z] Ruta: /joyas | Método: GET | Parámetros: {}
[2025-04-20T02:34:18.304Z] Ruta: /joyas/filtros | Método: GET | Parámetros: {}
[2025-04-20T02:35:13.736Z] Ruta: /joyas/filtros/ | Método: GET | Parámetros: {}
[2025-04-20T03:06:23.282Z] Ruta: /joyas | Método: GET | Parámetros: {}
[2025-04-20T03:06:28.223Z] Ruta: /joyas | Método: GET | Parámetros: {"limits":"3","page":"2","order_by":"stock_ASC"}
[2025-04-20T03:06:33.237Z] Ruta: /joyas/filtros | Método: GET | Parámetros: {"precio_min":"500","precio_max":"1000","categoria":"anillos","metal":"plata"}
[2025-04-22T00:11:09.589Z] Ruta: /joyas/filtros | Método: GET | Parámetros: {"precio_min":"25000","precio_max":"30000","categoria":"aros","metal":"plata"}
[2025-04-22T00:11:17.570Z] Ruta: /joyas | Método: GET | Parámetros: {}
[2025-04-22T00:11:21.147Z] Ruta: /joyas | Método: GET | Parámetros: {}
[2025-04-22T00:11:27.509Z] Ruta: /joyas/filtros | Método: GET | Parámetros: {"precio_min":"500","precio_max":"700","categoria":"aretes","metal":"plata"}
[2025-04-22T00:57:44.705Z] Ruta: /inventario | Método: GET | Parámetros: {}
[2025-04-22T00:57:50.490Z] Ruta: /inventario/filtros | Método: GET | Parámetros: {"precio_min":"25000","precio_max":"30000","categoria":"aros","metal":"plata"}
[2025-04-22T01:03:39.214Z] Ruta: /inventario | Método: GET | Parámetros: {}
[2025-04-22T01:03:44.872Z] Ruta: /inventario/filtros | Método: GET | Parámetros: {"precio_min":"25000","precio_max":"30000","categoria":"aros","metal":"plata"}
[2025-04-22T01:07:15.534Z] Ruta: /inventario | Método: GET | Parámetros: {}
[2025-04-22T01:09:35.874Z] Ruta: /inventario/filtros | Método: GET | Parámetros: {"precio_min":"25000","precio_max":"30000","categoria":"aros","metal":"plata"}
[2025-04-22T01:12:26.461Z] Ruta: /inventario | Método: GET | Parámetros: {}
[2025-04-22T01:12:33.220Z] Ruta: /inventario/filtros | Método: GET | Parámetros: {"precio_min":"25000","precio_max":"30000","categoria":"aros","metal":"plata"}
[2025-04-22T01:17:11.867Z] Ruta: /inventario | Método: GET | Parámetros: {}
[2025-04-22T01:27:18.430Z] Ruta: /inventario | Método: GET | Parámetros: {}
[2025-04-22T01:30:35.397Z] Ruta: /inventario | Método: GET | Parámetros: {"precio_min":"25000","precio_max":"30000","categoria":"aros","metal":"plata"}
[2025-04-22T01:31:39.161Z] Ruta: /inventario/filtros | Método: GET | Parámetros: {"precio_min":"25000","precio_max":"30000","categoria":"aros","metal":"plata"}
[2025-04-22T01:35:50.614Z] Ruta: /inventario | Método: GET | Parámetros: {"limit":"3","page":"2","order_by":"stock_ASC"}
[2025-04-22T01:46:57.416Z] Ruta: /joyas | Método: GET | Parámetros: {"limits":"3","page":"2","order_by":"stock_ASC"}
[2025-04-22T01:47:03.936Z] Ruta: /joyas/filtros | Método: GET | Parámetros: {"precio_min":"25000","precio_max":"30000","categoria":"aros","metal":"plata"}
[2025-04-22T01:49:36.270Z] Ruta: /joyas | Método: GET | Parámetros: {}
[2025-04-22T01:50:13.814Z] Ruta: /joyas | Método: GET | Parámetros: {"limits":"3","page":"2","order_by":"stock_ASC"}
[2025-04-22T01:52:13.580Z] Ruta: /joyas/filtros | Método: GET | Parámetros: {"precio_min":"500","precio_max":"1000","categoria":"anillos","metal":"plata"}
[2025-04-22T01:52:22.160Z] Ruta: /joyas/filtros | Método: GET | Parámetros: {"precio_min":"25000","precio_max":"30000","categoria":"aros","metal":"plata"}
[2025-04-22T01:53:01.297Z] Ruta: /joyas/filtros | Método: GET | Parámetros: {"precio_min":"25000","precio_max":"30000","categoria":"aros","metal":"plata"}
[2025-04-22T01:53:09.466Z] Ruta: /joyas/filter | Método: GET | Parámetros: {"precio_min":"25000","precio_max":"30000","categoria":"aros","metal":"plata"}
[2025-04-22T01:55:44.027Z] Ruta: /joyas | Método: GET | Parámetros: {"limits":"3","page":"2","order_by":"stock_ASC"}
[2025-04-22T02:01:30.671Z] Ruta: /joyas | Método: GET | Parámetros: {"limits":"3","page":"1","order_by":"id_ASC"}
[2025-04-22T02:01:35.502Z] Ruta: /joyas | Método: GET | Parámetros: {"limits":"3","page":"2","order_by":"stock_ASC"}
[2025-04-22T02:02:52.141Z] Ruta: /joyas | Método: GET | Parámetros: {"limits":"3","page":"2","order_by":"stock_ASC"}
[2025-04-22T02:03:00.370Z] Ruta: /joyas/filtros | Método: GET | Parámetros: {"precio_min":"25000","precio_max":"30000","categoria":"aros","metal":"plata"}
[2025-04-22T02:03:04.190Z] Ruta: /joyas | Método: GET | Parámetros: {}
[2025-04-22T03:54:40.002Z] Ruta: /joyas | Método: GET | Parámetros: {}
[2025-04-22T03:54:54.791Z] Ruta: /joyas | Método: GET | Parámetros: {"limits":"3","page":"2","order_by":"stock_ASC"}
[2025-04-22T03:55:04.823Z] Ruta: /joyas | Método: GET | Parámetros: {"limits":"3","page":"2","order_by":"stock_ASC"}
[2025-04-22T03:55:27.696Z] Ruta: /joyas/filtros | Método: GET | Parámetros: {"precio_min":"25000","precio_max":"30000","categoria":"aros","metal":"plata"}
[2025-04-22T03:59:36.900Z] Ruta: /joyas | Método: GET | Parámetros: {}
[2025-04-22T04:00:20.180Z] Ruta: /joyas | Método: GET | Parámetros: {"limits":"3","page":"2","order_by":"stock_ASC"}
[2025-04-22T04:01:53.386Z] Ruta: /joyas/filtros | Método: GET | Parámetros: {"precio_min":"25000","precio_max":"30000","categoria":"aros","metal":"plata"}
[2025-04-22T04:04:06.488Z] Ruta: /joyas | Método: GET | Parámetros: {}
[2025-04-22T04:04:15.881Z] Ruta: /joyas | Método: GET | Parámetros: {}
[2025-04-22T04:04:21.716Z] Ruta: /joyas | Método: GET | Parámetros: {"limits":"3","page":"2","order_by":"stock_ASC"}
[2025-04-22T04:04:37.684Z] Ruta: /joyas/filtros | Método: GET | Parámetros: {"precio_min":"25000","precio_max":"30000","categoria":"aros","metal":"plata"}
